This is pdfTeX, Version 3.14159265-2.6-1.40.21 (MiKTeX 21.1) (preloaded format=pdflatex 2021.2.3)  16 FEB 2021 15:29
entering extended mode
**./Chapter_3_forced_vibration.tex
(Chapter_3_forced_vibration.tex
LaTeX2e <2020-10-01> patch level 4
L3 programming layer <2021-01-09> xparse <2020-03-03>
("C:\Program Files\MiKTeX 2.9\tex/latex/base\article.cls"
Document Class: article 2020/04/10 v1.4m Standard LaTeX document class
("C:\Program Files\MiKTeX 2.9\tex/latex/base\size12.clo"
File: size12.clo 2020/04/10 v1.4m Standard LaTeX file (size option)
)
\c@part=\count177
\c@section=\count178
\c@subsection=\count179
\c@subsubsection=\count180
\c@paragraph=\count181
\c@subparagraph=\count182
\c@figure=\count183
\c@table=\count184
\abovecaptionskip=\skip47
\belowcaptionskip=\skip48
\bibindent=\dimen138
)
("C:\Program Files\MiKTeX 2.9\tex/latex/psnfss\mathptmx.sty"
Package: mathptmx 2020/03/25 PSNFSS-v9.3 Times w/ Math, improved (SPQR, WaS) 
LaTeX Font Info:    Redeclaring symbol font `operators' on input line 28.
LaTeX Font Info:    Overwriting symbol font `operators' in version `normal'
(Font)                  OT1/cmr/m/n --> OT1/ztmcm/m/n on input line 28.
LaTeX Font Info:    Overwriting symbol font `operators' in version `bold'
(Font)                  OT1/cmr/bx/n --> OT1/ztmcm/m/n on input line 28.
LaTeX Font Info:    Redeclaring symbol font `letters' on input line 29.
LaTeX Font Info:    Overwriting symbol font `letters' in version `normal'
(Font)                  OML/cmm/m/it --> OML/ztmcm/m/it on input line 29.
LaTeX Font Info:    Overwriting symbol font `letters' in version `bold'
(Font)                  OML/cmm/b/it --> OML/ztmcm/m/it on input line 29.
LaTeX Font Info:    Redeclaring symbol font `symbols' on input line 30.
LaTeX Font Info:    Overwriting symbol font `symbols' in version `normal'
(Font)                  OMS/cmsy/m/n --> OMS/ztmcm/m/n on input line 30.
LaTeX Font Info:    Overwriting symbol font `symbols' in version `bold'
(Font)                  OMS/cmsy/b/n --> OMS/ztmcm/m/n on input line 30.
LaTeX Font Info:    Redeclaring symbol font `largesymbols' on input line 31.
LaTeX Font Info:    Overwriting symbol font `largesymbols' in version `normal'
(Font)                  OMX/cmex/m/n --> OMX/ztmcm/m/n on input line 31.
LaTeX Font Info:    Overwriting symbol font `largesymbols' in version `bold'
(Font)                  OMX/cmex/m/n --> OMX/ztmcm/m/n on input line 31.
\symbold=\mathgroup4
\symitalic=\mathgroup5
LaTeX Font Info:    Redeclaring math alphabet \mathbf on input line 34.
LaTeX Font Info:    Overwriting math alphabet `\mathbf' in version `normal'
(Font)                  OT1/cmr/bx/n --> OT1/ptm/bx/n on input line 34.
LaTeX Font Info:    Overwriting math alphabet `\mathbf' in version `bold'
(Font)                  OT1/cmr/bx/n --> OT1/ptm/bx/n on input line 34.
LaTeX Font Info:    Redeclaring math alphabet \mathit on input line 35.
LaTeX Font Info:    Overwriting math alphabet `\mathit' in version `normal'
(Font)                  OT1/cmr/m/it --> OT1/ptm/m/it on input line 35.
LaTeX Font Info:    Overwriting math alphabet `\mathit' in version `bold'
(Font)                  OT1/cmr/bx/it --> OT1/ptm/m/it on input line 35.
LaTeX Info: Redefining \hbar on input line 50.
)
("C:\Program Files\MiKTeX 2.9\tex/latex/geometry\geometry.sty"
Package: geometry 2020/01/02 v5.9 Page Geometry

("C:\Program Files\MiKTeX 2.9\tex/latex/graphics\keyval.sty"
Package: keyval 2014/10/28 v1.15 key=value parser (DPC)
\KV@toks@=\toks15
)
(C:\Users\adowney2\AppData\Roaming\MiKTeX\2.9\tex/generic/iftex\ifvtex.sty
Package: ifvtex 2019/10/25 v1.7 ifvtex legacy package. Use iftex instead.

(C:\Users\adowney2\AppData\Roaming\MiKTeX\2.9\tex/generic/iftex\iftex.sty
Package: iftex 2020/03/06 v1.0d TeX engine tests
))
\Gm@cnth=\count185
\Gm@cntv=\count186
\c@Gm@tempcnt=\count187
\Gm@bindingoffset=\dimen139
\Gm@wd@mp=\dimen140
\Gm@odd@mp=\dimen141
\Gm@even@mp=\dimen142
\Gm@layoutwidth=\dimen143
\Gm@layoutheight=\dimen144
\Gm@layouthoffset=\dimen145
\Gm@layoutvoffset=\dimen146
\Gm@dimlist=\toks16

("C:\Program Files\MiKTeX 2.9\tex/latex/geometry\geometry.cfg"))
("C:\Program Files\MiKTeX 2.9\tex/latex/base\inputenc.sty"
Package: inputenc 2020/08/01 v1.3d Input encoding file
\inpenc@prehook=\toks17
\inpenc@posthook=\toks18

("C:\Program Files\MiKTeX 2.9\tex/latex/base\latin1.def"
File: latin1.def 2020/08/01 v1.3d Input encoding file
))
("C:\Program Files\MiKTeX 2.9\tex/latex/amsmath\amsmath.sty"
Package: amsmath 2020/09/23 v2.17i AMS math features
\@mathmargin=\skip49

For additional information on amsmath, use the `?' option.
("C:\Program Files\MiKTeX 2.9\tex/latex/amsmath\amstext.sty"
Package: amstext 2000/06/29 v2.01 AMS text

("C:\Program Files\MiKTeX 2.9\tex/latex/amsmath\amsgen.sty"
File: amsgen.sty 1999/11/30 v2.0 generic functions
\@emptytoks=\toks19
\ex@=\dimen147
))
("C:\Program Files\MiKTeX 2.9\tex/latex/amsmath\amsbsy.sty"
Package: amsbsy 1999/11/29 v1.2d Bold Symbols
\pmbraise@=\dimen148
)
("C:\Program Files\MiKTeX 2.9\tex/latex/amsmath\amsopn.sty"
Package: amsopn 2016/03/08 v2.02 operator names
)
\inf@bad=\count188
LaTeX Info: Redefining \frac on input line 234.
\uproot@=\count189
\leftroot@=\count190
LaTeX Info: Redefining \overline on input line 399.
\classnum@=\count191
\DOTSCASE@=\count192
LaTeX Info: Redefining \ldots on input line 496.
LaTeX Info: Redefining \dots on input line 499.
LaTeX Info: Redefining \cdots on input line 620.
\Mathstrutbox@=\box47
\strutbox@=\box48
\big@size=\dimen149
LaTeX Font Info:    Redeclaring font encoding OML on input line 743.
LaTeX Font Info:    Redeclaring font encoding OMS on input line 744.
\macc@depth=\count193
\c@MaxMatrixCols=\count194
\dotsspace@=\muskip16
\c@parentequation=\count195
\dspbrk@lvl=\count196
\tag@help=\toks20
\row@=\count197
\column@=\count198
\maxfields@=\count199
\andhelp@=\toks21
\eqnshift@=\dimen150
\alignsep@=\dimen151
\tagshift@=\dimen152
\tagwidth@=\dimen153
\totwidth@=\dimen154
\lineht@=\dimen155
\@envbody=\toks22
\multlinegap=\skip50
\multlinetaggap=\skip51
\mathdisplay@stack=\toks23
LaTeX Info: Redefining \[ on input line 2923.
LaTeX Info: Redefining \] on input line 2924.
)
(C:\Users\adowney2\AppData\Roaming\MiKTeX\2.9\tex/latex/mdframed\mdframed.sty
Package: mdframed 2013/07/01 1.9b: mdframed

(C:\Users\adowney2\AppData\Roaming\MiKTeX\2.9\tex/latex/kvoptions\kvoptions.sty
Package: kvoptions 2020-10-07 v3.14 Key value format for package options (HO)
(C:\Users\adowney2\AppData\Roaming\MiKTeX\2.9\tex/generic/ltxcmds\ltxcmds.sty
Package: ltxcmds 2020-05-10 v1.25 LaTeX kernel commands for general use (HO)
)
(C:\Users\adowney2\AppData\Roaming\MiKTeX\2.9\tex/generic/kvsetkeys\kvsetkeys.s
ty
Package: kvsetkeys 2019/12/15 v1.18 Key value parser (HO)
))
(C:\Users\adowney2\AppData\Roaming\MiKTeX\2.9\tex/latex/l3packages/xparse\xpars
e.sty
(C:\Users\adowney2\AppData\Roaming\MiKTeX\2.9\tex/latex/l3kernel\expl3.sty
Package: expl3 2021-01-09 L3 programming layer (loader) 

(C:\Users\adowney2\AppData\Roaming\MiKTeX\2.9\tex/latex/l3backend\l3backend-pdf
tex.def
File: l3backend-pdftex.def 2020-01-29 L3 backend support: PDF output (pdfTeX)
\l__color_backend_stack_int=\count266
\l__pdf_internal_box=\box49
))
Package: xparse 2020-10-27 L3 Experimental document command parser

(C:\Users\adowney2\AppData\Roaming\MiKTeX\2.9\tex/latex/l3packages/xparse\xpars
e-generic.tex))
(C:\Users\adowney2\AppData\Roaming\MiKTeX\2.9\tex/latex/etoolbox\etoolbox.sty
Package: etoolbox 2020/10/05 v2.5k e-TeX tools for LaTeX (JAW)
\etb@tempcnta=\count267
)
(C:\Users\adowney2\AppData\Roaming\MiKTeX\2.9\tex/latex/zref\zref-abspage.sty
Package: zref-abspage 2020-07-03 v2.32 Module abspage for zref (HO)

(C:\Users\adowney2\AppData\Roaming\MiKTeX\2.9\tex/latex/zref\zref-base.sty
Package: zref-base 2020-07-03 v2.32 Module base for zref (HO)

(C:\Users\adowney2\AppData\Roaming\MiKTeX\2.9\tex/generic/infwarerr\infwarerr.s
ty
Package: infwarerr 2019/12/03 v1.5 Providing info/warning/error messages (HO)
)
(C:\Users\adowney2\AppData\Roaming\MiKTeX\2.9\tex/generic/kvdefinekeys\kvdefine
keys.sty
Package: kvdefinekeys 2019-12-19 v1.6 Define keys (HO)
)
(C:\Users\adowney2\AppData\Roaming\MiKTeX\2.9\tex/generic/pdftexcmds\pdftexcmds
.sty
Package: pdftexcmds 2020-06-27 v0.33 Utility functions of pdfTeX for LuaTeX (HO
)
Package pdftexcmds Info: \pdf@primitive is available.
Package pdftexcmds Info: \pdf@ifprimitive is available.
Package pdftexcmds Info: \pdfdraftmode found.
)
(C:\Users\adowney2\AppData\Roaming\MiKTeX\2.9\tex/generic/etexcmds\etexcmds.sty
Package: etexcmds 2019/12/15 v1.7 Avoid name clashes with e-TeX commands (HO)
) (C:\Users\adowney2\AppData\Roaming\MiKTeX\2.9\tex/latex/auxhook\auxhook.sty
Package: auxhook 2019-12-17 v1.6 Hooks for auxiliary files (HO)
)
Package zref Info: New property list: main on input line 764.
Package zref Info: New property: default on input line 765.
Package zref Info: New property: page on input line 766.
) ("C:\Program Files\MiKTeX 2.9\tex/latex/base\atbegshi-ltx.sty"
Package: atbegshi-ltx 2020/08/17 v1.0a Emulation of the original atbegshi packa
ge
with kernel methods
)
\c@abspage=\count268
Package zref Info: New property: abspage on input line 66.
)
(C:\Users\adowney2\AppData\Roaming\MiKTeX\2.9\tex/latex/needspace\needspace.sty
Package: needspace 2010/09/12 v1.3d reserve vertical space
) ("C:\Program Files\MiKTeX 2.9\tex/latex/graphics\color.sty"
Package: color 2020/02/24 v1.2b Standard LaTeX Color (DPC)

("C:\Program Files\MiKTeX 2.9\tex/latex/graphics-cfg\color.cfg"
File: color.cfg 2016/01/02 v1.6 sample color configuration
)
Package color Info: Driver file: pdftex.def on input line 147.

("C:\Program Files\MiKTeX 2.9\tex/latex/graphics-def\pdftex.def"
File: pdftex.def 2020/10/05 v1.2a Graphics/color driver for pdftex
))
\mdf@templength=\skip52
\c@mdf@globalstyle@cnt=\count269
\mdf@skipabove@length=\skip53
\mdf@skipbelow@length=\skip54
\mdf@leftmargin@length=\skip55
\mdf@rightmargin@length=\skip56
\mdf@innerleftmargin@length=\skip57
\mdf@innerrightmargin@length=\skip58
\mdf@innertopmargin@length=\skip59
\mdf@innerbottommargin@length=\skip60
\mdf@splittopskip@length=\skip61
\mdf@splitbottomskip@length=\skip62
\mdf@outermargin@length=\skip63
\mdf@innermargin@length=\skip64
\mdf@linewidth@length=\skip65
\mdf@innerlinewidth@length=\skip66
\mdf@middlelinewidth@length=\skip67
\mdf@outerlinewidth@length=\skip68
\mdf@roundcorner@length=\skip69
\mdf@footenotedistance@length=\skip70
\mdf@userdefinedwidth@length=\skip71
\mdf@needspace@length=\skip72
\mdf@frametitleaboveskip@length=\skip73
\mdf@frametitlebelowskip@length=\skip74
\mdf@frametitlerulewidth@length=\skip75
\mdf@frametitleleftmargin@length=\skip76
\mdf@frametitlerightmargin@length=\skip77
\mdf@shadowsize@length=\skip78
\mdf@extratopheight@length=\skip79
\mdf@subtitleabovelinewidth@length=\skip80
\mdf@subtitlebelowlinewidth@length=\skip81
\mdf@subtitleaboveskip@length=\skip82
\mdf@subtitlebelowskip@length=\skip83
\mdf@subtitleinneraboveskip@length=\skip84
\mdf@subtitleinnerbelowskip@length=\skip85
\mdf@subsubtitleabovelinewidth@length=\skip86
\mdf@subsubtitlebelowlinewidth@length=\skip87
\mdf@subsubtitleaboveskip@length=\skip88
\mdf@subsubtitlebelowskip@length=\skip89
\mdf@subsubtitleinneraboveskip@length=\skip90
\mdf@subsubtitleinnerbelowskip@length=\skip91

(C:\Users\adowney2\AppData\Roaming\MiKTeX\2.9\tex/latex/pgf/frontendlayer\tikz.
sty
(C:\Users\adowney2\AppData\Roaming\MiKTeX\2.9\tex/latex/pgf/basiclayer\pgf.sty
(C:\Users\adowney2\AppData\Roaming\MiKTeX\2.9\tex/latex/pgf/utilities\pgfrcs.st
y
(C:\Users\adowney2\AppData\Roaming\MiKTeX\2.9\tex/generic/pgf/utilities\pgfutil
-common.tex
\pgfutil@everybye=\toks24
\pgfutil@tempdima=\dimen156
\pgfutil@tempdimb=\dimen157

(C:\Users\adowney2\AppData\Roaming\MiKTeX\2.9\tex/generic/pgf/utilities\pgfutil
-common-lists.tex))
(C:\Users\adowney2\AppData\Roaming\MiKTeX\2.9\tex/generic/pgf/utilities\pgfutil
-latex.def
\pgfutil@abb=\box50
)
(C:\Users\adowney2\AppData\Roaming\MiKTeX\2.9\tex/generic/pgf/utilities\pgfrcs.
code.tex
(C:\Users\adowney2\AppData\Roaming\MiKTeX\2.9\tex/generic/pgf\pgf.revision.tex)
Package: pgfrcs 2020/12/27 v3.1.8b (3.1.8b)
))
Package: pgf 2020/12/27 v3.1.8b (3.1.8b)

(C:\Users\adowney2\AppData\Roaming\MiKTeX\2.9\tex/latex/pgf/basiclayer\pgfcore.
sty ("C:\Program Files\MiKTeX 2.9\tex/latex/graphics\graphicx.sty"
Package: graphicx 2020/09/09 v1.2b Enhanced LaTeX Graphics (DPC,SPQR)

("C:\Program Files\MiKTeX 2.9\tex/latex/graphics\graphics.sty"
Package: graphics 2020/08/30 v1.4c Standard LaTeX Graphics (DPC,SPQR)

("C:\Program Files\MiKTeX 2.9\tex/latex/graphics\trig.sty"
Package: trig 2016/01/03 v1.10 sin cos tan (DPC)
)
("C:\Program Files\MiKTeX 2.9\tex/latex/graphics-cfg\graphics.cfg"
File: graphics.cfg 2016/06/04 v1.11 sample graphics configuration
)
Package graphics Info: Driver file: pdftex.def on input line 105.
)
\Gin@req@height=\dimen158
\Gin@req@width=\dimen159
)
(C:\Users\adowney2\AppData\Roaming\MiKTeX\2.9\tex/latex/pgf/systemlayer\pgfsys.
sty
(C:\Users\adowney2\AppData\Roaming\MiKTeX\2.9\tex/generic/pgf/systemlayer\pgfsy
s.code.tex
Package: pgfsys 2020/12/27 v3.1.8b (3.1.8b)

(C:\Users\adowney2\AppData\Roaming\MiKTeX\2.9\tex/generic/pgf/utilities\pgfkeys
.code.tex
\pgfkeys@pathtoks=\toks25
\pgfkeys@temptoks=\toks26

(C:\Users\adowney2\AppData\Roaming\MiKTeX\2.9\tex/generic/pgf/utilities\pgfkeys
filtered.code.tex
\pgfkeys@tmptoks=\toks27
))
\pgf@x=\dimen160
\pgf@y=\dimen161
\pgf@xa=\dimen162
\pgf@ya=\dimen163
\pgf@xb=\dimen164
\pgf@yb=\dimen165
\pgf@xc=\dimen166
\pgf@yc=\dimen167
\pgf@xd=\dimen168
\pgf@yd=\dimen169
\w@pgf@writea=\write3
\r@pgf@reada=\read2
\c@pgf@counta=\count270
\c@pgf@countb=\count271
\c@pgf@countc=\count272
\c@pgf@countd=\count273
\t@pgf@toka=\toks28
\t@pgf@tokb=\toks29
\t@pgf@tokc=\toks30
\pgf@sys@id@count=\count274

(C:\Users\adowney2\AppData\Roaming\MiKTeX\2.9\tex/generic/pgf/systemlayer\pgf.c
fg
File: pgf.cfg 2020/12/27 v3.1.8b (3.1.8b)
)
Driver file for pgf: pgfsys-pdftex.def

(C:\Users\adowney2\AppData\Roaming\MiKTeX\2.9\tex/generic/pgf/systemlayer\pgfsy
s-pdftex.def
File: pgfsys-pdftex.def 2020/12/27 v3.1.8b (3.1.8b)

(C:\Users\adowney2\AppData\Roaming\MiKTeX\2.9\tex/generic/pgf/systemlayer\pgfsy
s-common-pdf.def
File: pgfsys-common-pdf.def 2020/12/27 v3.1.8b (3.1.8b)
)))
(C:\Users\adowney2\AppData\Roaming\MiKTeX\2.9\tex/generic/pgf/systemlayer\pgfsy
ssoftpath.code.tex
File: pgfsyssoftpath.code.tex 2020/12/27 v3.1.8b (3.1.8b)
\pgfsyssoftpath@smallbuffer@items=\count275
\pgfsyssoftpath@bigbuffer@items=\count276
)
(C:\Users\adowney2\AppData\Roaming\MiKTeX\2.9\tex/generic/pgf/systemlayer\pgfsy
sprotocol.code.tex
File: pgfsysprotocol.code.tex 2020/12/27 v3.1.8b (3.1.8b)
))
(C:\Users\adowney2\AppData\Roaming\MiKTeX\2.9\tex/latex/xcolor\xcolor.sty
Package: xcolor 2016/05/11 v2.12 LaTeX color extensions (UK)

("C:\Program Files\MiKTeX 2.9\tex/latex/graphics-cfg\color.cfg"
File: color.cfg 2016/01/02 v1.6 sample color configuration
)
Package xcolor Info: Driver file: pdftex.def on input line 225.
LaTeX Info: Redefining \color on input line 709.
Package xcolor Info: Model `cmy' substituted by `cmy0' on input line 1348.
Package xcolor Info: Model `hsb' substituted by `rgb' on input line 1352.
Package xcolor Info: Model `RGB' extended on input line 1364.
Package xcolor Info: Model `HTML' substituted by `rgb' on input line 1366.
Package xcolor Info: Model `Hsb' substituted by `hsb' on input line 1367.
Package xcolor Info: Model `tHsb' substituted by `hsb' on input line 1368.
Package xcolor Info: Model `HSB' substituted by `hsb' on input line 1369.
Package xcolor Info: Model `Gray' substituted by `gray' on input line 1370.
Package xcolor Info: Model `wave' substituted by `hsb' on input line 1371.
)
(C:\Users\adowney2\AppData\Roaming\MiKTeX\2.9\tex/generic/pgf/basiclayer\pgfcor
e.code.tex
Package: pgfcore 2020/12/27 v3.1.8b (3.1.8b)

(C:\Users\adowney2\AppData\Roaming\MiKTeX\2.9\tex/generic/pgf/math\pgfmath.code
.tex
(C:\Users\adowney2\AppData\Roaming\MiKTeX\2.9\tex/generic/pgf/math\pgfmathcalc.
code.tex
(C:\Users\adowney2\AppData\Roaming\MiKTeX\2.9\tex/generic/pgf/math\pgfmathutil.
code.tex)
(C:\Users\adowney2\AppData\Roaming\MiKTeX\2.9\tex/generic/pgf/math\pgfmathparse
r.code.tex
\pgfmath@dimen=\dimen170
\pgfmath@count=\count277
\pgfmath@box=\box51
\pgfmath@toks=\toks31
\pgfmath@stack@operand=\toks32
\pgfmath@stack@operation=\toks33
)
(C:\Users\adowney2\AppData\Roaming\MiKTeX\2.9\tex/generic/pgf/math\pgfmathfunct
ions.code.tex
(C:\Users\adowney2\AppData\Roaming\MiKTeX\2.9\tex/generic/pgf/math\pgfmathfunct
ions.basic.code.tex)
(C:\Users\adowney2\AppData\Roaming\MiKTeX\2.9\tex/generic/pgf/math\pgfmathfunct
ions.trigonometric.code.tex)
(C:\Users\adowney2\AppData\Roaming\MiKTeX\2.9\tex/generic/pgf/math\pgfmathfunct
ions.random.code.tex)
(C:\Users\adowney2\AppData\Roaming\MiKTeX\2.9\tex/generic/pgf/math\pgfmathfunct
ions.comparison.code.tex)
(C:\Users\adowney2\AppData\Roaming\MiKTeX\2.9\tex/generic/pgf/math\pgfmathfunct
ions.base.code.tex)
(C:\Users\adowney2\AppData\Roaming\MiKTeX\2.9\tex/generic/pgf/math\pgfmathfunct
ions.round.code.tex)
(C:\Users\adowney2\AppData\Roaming\MiKTeX\2.9\tex/generic/pgf/math\pgfmathfunct
ions.misc.code.tex)
(C:\Users\adowney2\AppData\Roaming\MiKTeX\2.9\tex/generic/pgf/math\pgfmathfunct
ions.integerarithmetics.code.tex)))
(C:\Users\adowney2\AppData\Roaming\MiKTeX\2.9\tex/generic/pgf/math\pgfmathfloat
.code.tex
\c@pgfmathroundto@lastzeros=\count278
))
(C:\Users\adowney2\AppData\Roaming\MiKTeX\2.9\tex/generic/pgf/math\pgfint.code.
tex)
(C:\Users\adowney2\AppData\Roaming\MiKTeX\2.9\tex/generic/pgf/basiclayer\pgfcor
epoints.code.tex
File: pgfcorepoints.code.tex 2020/12/27 v3.1.8b (3.1.8b)
\pgf@picminx=\dimen171
\pgf@picmaxx=\dimen172
\pgf@picminy=\dimen173
\pgf@picmaxy=\dimen174
\pgf@pathminx=\dimen175
\pgf@pathmaxx=\dimen176
\pgf@pathminy=\dimen177
\pgf@pathmaxy=\dimen178
\pgf@xx=\dimen179
\pgf@xy=\dimen180
\pgf@yx=\dimen181
\pgf@yy=\dimen182
\pgf@zx=\dimen183
\pgf@zy=\dimen184
)
(C:\Users\adowney2\AppData\Roaming\MiKTeX\2.9\tex/generic/pgf/basiclayer\pgfcor
epathconstruct.code.tex
File: pgfcorepathconstruct.code.tex 2020/12/27 v3.1.8b (3.1.8b)
\pgf@path@lastx=\dimen185
\pgf@path@lasty=\dimen186
)
(C:\Users\adowney2\AppData\Roaming\MiKTeX\2.9\tex/generic/pgf/basiclayer\pgfcor
epathusage.code.tex
File: pgfcorepathusage.code.tex 2020/12/27 v3.1.8b (3.1.8b)
\pgf@shorten@end@additional=\dimen187
\pgf@shorten@start@additional=\dimen188
)
(C:\Users\adowney2\AppData\Roaming\MiKTeX\2.9\tex/generic/pgf/basiclayer\pgfcor
escopes.code.tex
File: pgfcorescopes.code.tex 2020/12/27 v3.1.8b (3.1.8b)
\pgfpic=\box52
\pgf@hbox=\box53
\pgf@layerbox@main=\box54
\pgf@picture@serial@count=\count279
)
(C:\Users\adowney2\AppData\Roaming\MiKTeX\2.9\tex/generic/pgf/basiclayer\pgfcor
egraphicstate.code.tex
File: pgfcoregraphicstate.code.tex 2020/12/27 v3.1.8b (3.1.8b)
\pgflinewidth=\dimen189
)
(C:\Users\adowney2\AppData\Roaming\MiKTeX\2.9\tex/generic/pgf/basiclayer\pgfcor
etransformations.code.tex
File: pgfcoretransformations.code.tex 2020/12/27 v3.1.8b (3.1.8b)
\pgf@pt@x=\dimen190
\pgf@pt@y=\dimen191
\pgf@pt@temp=\dimen192
)
(C:\Users\adowney2\AppData\Roaming\MiKTeX\2.9\tex/generic/pgf/basiclayer\pgfcor
equick.code.tex
File: pgfcorequick.code.tex 2020/12/27 v3.1.8b (3.1.8b)
)
(C:\Users\adowney2\AppData\Roaming\MiKTeX\2.9\tex/generic/pgf/basiclayer\pgfcor
eobjects.code.tex
File: pgfcoreobjects.code.tex 2020/12/27 v3.1.8b (3.1.8b)
)
(C:\Users\adowney2\AppData\Roaming\MiKTeX\2.9\tex/generic/pgf/basiclayer\pgfcor
epathprocessing.code.tex
File: pgfcorepathprocessing.code.tex 2020/12/27 v3.1.8b (3.1.8b)
)
(C:\Users\adowney2\AppData\Roaming\MiKTeX\2.9\tex/generic/pgf/basiclayer\pgfcor
earrows.code.tex
File: pgfcorearrows.code.tex 2020/12/27 v3.1.8b (3.1.8b)
\pgfarrowsep=\dimen193
)
(C:\Users\adowney2\AppData\Roaming\MiKTeX\2.9\tex/generic/pgf/basiclayer\pgfcor
eshade.code.tex
File: pgfcoreshade.code.tex 2020/12/27 v3.1.8b (3.1.8b)
\pgf@max=\dimen194
\pgf@sys@shading@range@num=\count280
\pgf@shadingcount=\count281
)
(C:\Users\adowney2\AppData\Roaming\MiKTeX\2.9\tex/generic/pgf/basiclayer\pgfcor
eimage.code.tex
File: pgfcoreimage.code.tex 2020/12/27 v3.1.8b (3.1.8b)

(C:\Users\adowney2\AppData\Roaming\MiKTeX\2.9\tex/generic/pgf/basiclayer\pgfcor
eexternal.code.tex
File: pgfcoreexternal.code.tex 2020/12/27 v3.1.8b (3.1.8b)
\pgfexternal@startupbox=\box55
))
(C:\Users\adowney2\AppData\Roaming\MiKTeX\2.9\tex/generic/pgf/basiclayer\pgfcor
elayers.code.tex
File: pgfcorelayers.code.tex 2020/12/27 v3.1.8b (3.1.8b)
)
(C:\Users\adowney2\AppData\Roaming\MiKTeX\2.9\tex/generic/pgf/basiclayer\pgfcor
etransparency.code.tex
File: pgfcoretransparency.code.tex 2020/12/27 v3.1.8b (3.1.8b)
)
(C:\Users\adowney2\AppData\Roaming\MiKTeX\2.9\tex/generic/pgf/basiclayer\pgfcor
epatterns.code.tex
File: pgfcorepatterns.code.tex 2020/12/27 v3.1.8b (3.1.8b)
)
(C:\Users\adowney2\AppData\Roaming\MiKTeX\2.9\tex/generic/pgf/basiclayer\pgfcor
erdf.code.tex
File: pgfcorerdf.code.tex 2020/12/27 v3.1.8b (3.1.8b)
)))
(C:\Users\adowney2\AppData\Roaming\MiKTeX\2.9\tex/generic/pgf/modules\pgfmodule
shapes.code.tex
File: pgfmoduleshapes.code.tex 2020/12/27 v3.1.8b (3.1.8b)
\pgfnodeparttextbox=\box56
)
(C:\Users\adowney2\AppData\Roaming\MiKTeX\2.9\tex/generic/pgf/modules\pgfmodule
plot.code.tex
File: pgfmoduleplot.code.tex 2020/12/27 v3.1.8b (3.1.8b)
)
(C:\Users\adowney2\AppData\Roaming\MiKTeX\2.9\tex/latex/pgf/compatibility\pgfco
mp-version-0-65.sty
Package: pgfcomp-version-0-65 2020/12/27 v3.1.8b (3.1.8b)
\pgf@nodesepstart=\dimen195
\pgf@nodesepend=\dimen196
)
(C:\Users\adowney2\AppData\Roaming\MiKTeX\2.9\tex/latex/pgf/compatibility\pgfco
mp-version-1-18.sty
Package: pgfcomp-version-1-18 2020/12/27 v3.1.8b (3.1.8b)
))
(C:\Users\adowney2\AppData\Roaming\MiKTeX\2.9\tex/latex/pgf/utilities\pgffor.st
y
(C:\Users\adowney2\AppData\Roaming\MiKTeX\2.9\tex/latex/pgf/utilities\pgfkeys.s
ty
(C:\Users\adowney2\AppData\Roaming\MiKTeX\2.9\tex/generic/pgf/utilities\pgfkeys
.code.tex))
(C:\Users\adowney2\AppData\Roaming\MiKTeX\2.9\tex/latex/pgf/math\pgfmath.sty
(C:\Users\adowney2\AppData\Roaming\MiKTeX\2.9\tex/generic/pgf/math\pgfmath.code
.tex))
(C:\Users\adowney2\AppData\Roaming\MiKTeX\2.9\tex/generic/pgf/utilities\pgffor.
code.tex
Package: pgffor 2020/12/27 v3.1.8b (3.1.8b)

(C:\Users\adowney2\AppData\Roaming\MiKTeX\2.9\tex/generic/pgf/math\pgfmath.code
.tex)
\pgffor@iter=\dimen197
\pgffor@skip=\dimen198
\pgffor@stack=\toks34
\pgffor@toks=\toks35
))
(C:\Users\adowney2\AppData\Roaming\MiKTeX\2.9\tex/generic/pgf/frontendlayer/tik
z\tikz.code.tex
Package: tikz 2020/12/27 v3.1.8b (3.1.8b)

(C:\Users\adowney2\AppData\Roaming\MiKTeX\2.9\tex/generic/pgf/libraries\pgflibr
aryplothandlers.code.tex
File: pgflibraryplothandlers.code.tex 2020/12/27 v3.1.8b (3.1.8b)
\pgf@plot@mark@count=\count282
\pgfplotmarksize=\dimen199
)
\tikz@lastx=\dimen256
\tikz@lasty=\dimen257
\tikz@lastxsaved=\dimen258
\tikz@lastysaved=\dimen259
\tikz@lastmovetox=\dimen260
\tikz@lastmovetoy=\dimen261
\tikzleveldistance=\dimen262
\tikzsiblingdistance=\dimen263
\tikz@figbox=\box57
\tikz@figbox@bg=\box58
\tikz@tempbox=\box59
\tikz@tempbox@bg=\box60
\tikztreelevel=\count283
\tikznumberofchildren=\count284
\tikznumberofcurrentchild=\count285
\tikz@fig@count=\count286

(C:\Users\adowney2\AppData\Roaming\MiKTeX\2.9\tex/generic/pgf/modules\pgfmodule
matrix.code.tex
File: pgfmodulematrix.code.tex 2020/12/27 v3.1.8b (3.1.8b)
\pgfmatrixcurrentrow=\count287
\pgfmatrixcurrentcolumn=\count288
\pgf@matrix@numberofcolumns=\count289
)
\tikz@expandcount=\count290

(C:\Users\adowney2\AppData\Roaming\MiKTeX\2.9\tex/generic/pgf/frontendlayer/tik
z/libraries\tikzlibrarytopaths.code.tex
File: tikzlibrarytopaths.code.tex 2020/12/27 v3.1.8b (3.1.8b)
)))
(C:\Users\adowney2\AppData\Roaming\MiKTeX\2.9\tex/latex/mdframed\md-frame-1.mdf
File: md-frame-1.mdf 2013/07/01\ 1.9b: md-frame-1
)
\mdf@frametitlebox=\box61
\mdf@footnotebox=\box62
\mdf@splitbox@one=\box63
\mdf@splitbox@two=\box64
\mdf@splitbox@save=\box65
\mdfsplitboxwidth=\skip92
\mdfsplitboxtotalwidth=\skip93
\mdfsplitboxheight=\skip94
\mdfsplitboxdepth=\skip95
\mdfsplitboxtotalheight=\skip96
\mdfframetitleboxwidth=\skip97
\mdfframetitleboxtotalwidth=\skip98
\mdfframetitleboxheight=\skip99
\mdfframetitleboxdepth=\skip100
\mdfframetitleboxtotalheight=\skip101
\mdffootnoteboxwidth=\skip102
\mdffootnoteboxtotalwidth=\skip103
\mdffootnoteboxheight=\skip104
\mdffootnoteboxdepth=\skip105
\mdffootnoteboxtotalheight=\skip106
\mdftotallinewidth=\skip107
\mdfboundingboxwidth=\skip108
\mdfboundingboxtotalwidth=\skip109
\mdfboundingboxheight=\skip110
\mdfboundingboxdepth=\skip111
\mdfboundingboxtotalheight=\skip112
\mdf@freevspace@length=\skip113
\mdf@horizontalwidthofbox@length=\skip114
\mdf@verticalmarginwhole@length=\skip115
\mdf@horizontalspaceofbox=\skip116
\mdfsubtitleheight=\skip117
\mdfsubsubtitleheight=\skip118
\c@mdfcountframes=\count291

****** mdframed patching \endmdf@trivlist

****** -- success******

\mdf@envdepth=\count292
\c@mdf@env@i=\count293
\c@mdf@env@ii=\count294
\c@mdf@zref@counter=\count295
Package zref Info: New property: mdf@pagevalue on input line 895.
)
\c@ex=\count296
\c@re=\count297
 ("C:\Program Files\MiKTeX 2.9\tex/latex/amsfonts\amsfonts.sty"
Package: amsfonts 2013/01/14 v3.01 Basic AMSFonts support
\symAMSa=\mathgroup6
\symAMSb=\mathgroup7
LaTeX Font Info:    Overwriting math alphabet `\mathfrak' in version `bold'
(Font)                  U/euf/m/n --> U/euf/b/n on input line 106.
)
("C:\Program Files\MiKTeX 2.9\tex/latex/amsfonts\amssymb.sty"
Package: amssymb 2013/01/14 v3.01 AMS font symbols
)
("C:\Program Files\MiKTeX 2.9\tex/latex/float\float.sty"
Package: float 2001/11/08 v1.3d Float enhancements (AL)
\c@float@type=\count298
\float@exts=\toks36
\float@box=\box66
\@float@everytoks=\toks37
\@floatcapt=\box67
)
(C:\Users\adowney2\AppData\Roaming\MiKTeX\2.9\tex/latex/booktabs\booktabs.sty
Package: booktabs 2020/01/12 v1.61803398 Publication quality tables
\heavyrulewidth=\dimen264
\lightrulewidth=\dimen265
\cmidrulewidth=\dimen266
\belowrulesep=\dimen267
\belowbottomsep=\dimen268
\aboverulesep=\dimen269
\abovetopsep=\dimen270
\cmidrulesep=\dimen271
\cmidrulekern=\dimen272
\defaultaddspace=\dimen273
\@cmidla=\count299
\@cmidlb=\count300
\@aboverulesep=\dimen274
\@belowrulesep=\dimen275
\@thisruleclass=\count301
\@lastruleclass=\count302
\@thisrulewidth=\dimen276
)
(C:\Users\adowney2\AppData\Roaming\MiKTeX\2.9\tex/latex/setspace\setspace.sty
Package: setspace 2011/12/19 v6.7a set line spacing
)
("C:\Program Files\MiKTeX 2.9\tex/latex/base\textcomp.sty"
Package: textcomp 2020/02/02 v2.0n Standard LaTeX package
)
(C:\Users\adowney2\AppData\Roaming\MiKTeX\2.9\tex/latex/latex-tools\multicol.st
y
Package: multicol 2019/12/09 v1.8y multicolumn formatting (FMi)
\c@tracingmulticols=\count303
\mult@box=\box68
\multicol@leftmargin=\dimen277
\c@unbalance=\count304
\c@collectmore=\count305
\doublecol@number=\count306
\multicoltolerance=\count307
\multicolpretolerance=\count308
\full@width=\dimen278
\page@free=\dimen279
\premulticols=\dimen280
\postmulticols=\dimen281
\multicolsep=\skip119
\multicolbaselineskip=\skip120
\partial@page=\box69
\last@line=\box70
\maxbalancingoverflow=\dimen282
\mult@rightbox=\box71
\mult@grightbox=\box72
\mult@gfirstbox=\box73
\mult@firstbox=\box74
\@tempa=\box75
\@tempa=\box76
\@tempa=\box77
\@tempa=\box78
\@tempa=\box79
\@tempa=\box80
\@tempa=\box81
\@tempa=\box82
\@tempa=\box83
\@tempa=\box84
\@tempa=\box85
\@tempa=\box86
\@tempa=\box87
\@tempa=\box88
\@tempa=\box89
\@tempa=\box90
\@tempa=\box91
\@tempa=\box92
\@tempa=\box93
\@tempa=\box94
\@tempa=\box95
\@tempa=\box96
\@tempa=\box97
\@tempa=\box98
\@tempa=\box99
\@tempa=\box100
\@tempa=\box101
\@tempa=\box102
\@tempa=\box103
\@tempa=\box104
\@tempa=\box105
\@tempa=\box106
\@tempa=\box107
\@tempa=\box108
\@tempa=\box109
\@tempa=\box110
\@tempa=\box111
\c@minrows=\count309
\c@columnbadness=\count310
\c@finalcolumnbadness=\count311
\last@try=\dimen283
\multicolovershoot=\dimen284
\multicolundershoot=\dimen285
\mult@nat@firstbox=\box112
\colbreak@box=\box113
\mc@col@check@num=\count312
)
(C:\Users\adowney2\AppData\Roaming\MiKTeX\2.9\tex/latex/mathtools\mathtools.sty
Package: mathtools 2020/03/24 v1.24 mathematical typesetting tools
(C:\Users\adowney2\AppData\Roaming\MiKTeX\2.9\tex/latex/latex-tools\calc.sty
Package: calc 2017/05/25 v4.3 Infix arithmetic (KKT,FJ)
\calc@Acount=\count313
\calc@Bcount=\count314
\calc@Adimen=\dimen286
\calc@Bdimen=\dimen287
\calc@Askip=\skip121
\calc@Bskip=\skip122
LaTeX Info: Redefining \setlength on input line 80.
LaTeX Info: Redefining \addtolength on input line 81.
\calc@Ccount=\count315
\calc@Cskip=\skip123
)
(C:\Users\adowney2\AppData\Roaming\MiKTeX\2.9\tex/latex/mathtools\mhsetup.sty
Package: mhsetup 2017/03/31 v1.3 programming setup (MH)
)
LaTeX Info: Thecontrolsequence`\('isalreadyrobust on input line 130.
LaTeX Info: Thecontrolsequence`\)'isalreadyrobust on input line 130.
LaTeX Info: Thecontrolsequence`\['isalreadyrobust on input line 130.
LaTeX Info: Thecontrolsequence`\]'isalreadyrobust on input line 130.
\g_MT_multlinerow_int=\count316
\l_MT_multwidth_dim=\dimen288
\origjot=\skip124
\l_MT_shortvdotswithinadjustabove_dim=\dimen289
\l_MT_shortvdotswithinadjustbelow_dim=\dimen290
\l_MT_above_intertext_sep=\dimen291
\l_MT_below_intertext_sep=\dimen292
\l_MT_above_shortintertext_sep=\dimen293
\l_MT_below_shortintertext_sep=\dimen294
\xmathstrut@box=\box114
\xmathstrut@dim=\dimen295
)
\c@NumberInTable=\count317
LaTeX Font Info:    Trying to load font information for OT1+ptm on input line 7
5.
("C:\Program Files\MiKTeX 2.9\tex/latex/psnfss\ot1ptm.fd"
File: ot1ptm.fd 2001/06/04 font definitions for OT1/ptm.
)

LaTeX Warning: Unused global option(s):
    [letter].

(Chapter_3_forced_vibration.aux)
\openout1 = `Chapter_3_forced_vibration.aux'.

LaTeX Font Info:    Checking defaults for OML/cmm/m/it on input line 75.
LaTeX Font Info:    ... okay on input line 75.
LaTeX Font Info:    Checking defaults for OMS/cmsy/m/n on input line 75.
LaTeX Font Info:    ... okay on input line 75.
LaTeX Font Info:    Checking defaults for OT1/cmr/m/n on input line 75.
LaTeX Font Info:    ... okay on input line 75.
LaTeX Font Info:    Checking defaults for T1/cmr/m/n on input line 75.
LaTeX Font Info:    ... okay on input line 75.
LaTeX Font Info:    Checking defaults for TS1/cmr/m/n on input line 75.
LaTeX Font Info:    ... okay on input line 75.
LaTeX Font Info:    Checking defaults for OMX/cmex/m/n on input line 75.
LaTeX Font Info:    ... okay on input line 75.
LaTeX Font Info:    Checking defaults for U/cmr/m/n on input line 75.
LaTeX Font Info:    ... okay on input line 75.

*geometry* driver: auto-detecting
*geometry* detected driver: pdftex
*geometry* verbose mode - [ preamble ] result:
* driver: pdftex
* paper: <default>
* layout: <same size as paper>
* layoutoffset:(h,v)=(0.0pt,0.0pt)
* modes: 
* h-part:(L,W,R)=(72.26999pt, 469.75502pt, 72.26999pt)
* v-part:(T,H,B)=(72.26999pt, 650.43001pt, 72.26999pt)
* \paperwidth=614.295pt
* \paperheight=794.96999pt
* \textwidth=469.75502pt
* \textheight=650.43001pt
* \oddsidemargin=0.0pt
* \evensidemargin=0.0pt
* \topmargin=-37.0pt
* \headheight=12.0pt
* \headsep=25.0pt
* \topskip=12.0pt
* \footskip=30.0pt
* \marginparwidth=44.0pt
* \marginparsep=10.0pt
* \columnsep=10.0pt
* \skip\footins=10.8pt plus 4.0pt minus 2.0pt
* \hoffset=0.0pt
* \voffset=0.0pt
* \mag=1000
* \@twocolumnfalse
* \@twosidefalse
* \@mparswitchfalse
* \@reversemarginfalse
* (1in=72.27pt=25.4mm, 1cm=28.453pt)


(C:\Users\adowney2\AppData\Roaming\MiKTeX\2.9\tex/context/base/mkii\supp-pdf.mk
ii
[Loading MPS to PDF converter (version 2006.09.02).]
\scratchcounter=\count318
\scratchdimen=\dimen296
\scratchbox=\box115
\nofMPsegments=\count319
\nofMParguments=\count320
\everyMPshowfont=\toks38
\MPscratchCnt=\count321
\MPscratchDim=\dimen297
\MPnumerator=\count322
\makeMPintoPDFobject=\count323
\everyMPtoPDFconversion=\toks39
)
(C:\Users\adowney2\AppData\Roaming\MiKTeX\2.9\tex/latex/epstopdf-pkg\epstopdf-b
ase.sty
Package: epstopdf-base 2020-01-24 v2.11 Base part for package epstopdf
Package epstopdf-base Info: Redefining graphics rule for `.eps' on input line 4
85.
)
<../Figures/1-DOF-spring_mass_horizontal_forced_FBD.png, id=4, 398.4486pt x 102
.3825pt>
File: ../Figures/1-DOF-spring_mass_horizontal_forced_FBD.png Graphic file (type
 png)
<use ../Figures/1-DOF-spring_mass_horizontal_forced_FBD.png>
Package pdftex.def Info: ../Figures/1-DOF-spring_mass_horizontal_forced_FBD.png
  used on input line 89.
(pdftex.def)             Requested size: 398.44762pt x 102.38225pt.
LaTeX Font Info:    Trying to load font information for OT1+ztmcm on input line
 90.
 ("C:\Program Files\MiKTeX 2.9\tex/latex/psnfss\ot1ztmcm.fd"
File: ot1ztmcm.fd 2000/01/03 Fontinst v1.801 font definitions for OT1/ztmcm.
)
LaTeX Font Info:    Trying to load font information for OML+ztmcm on input line
 90.

("C:\Program Files\MiKTeX 2.9\tex/latex/psnfss\omlztmcm.fd"
File: omlztmcm.fd 2000/01/03 Fontinst v1.801 font definitions for OML/ztmcm.
)
LaTeX Font Info:    Trying to load font information for OMS+ztmcm on input line
 90.

("C:\Program Files\MiKTeX 2.9\tex/latex/psnfss\omsztmcm.fd"
File: omsztmcm.fd 2000/01/03 Fontinst v1.801 font definitions for OMS/ztmcm.
)
LaTeX Font Info:    Trying to load font information for OMX+ztmcm on input line
 90.

("C:\Program Files\MiKTeX 2.9\tex/latex/psnfss\omxztmcm.fd"
File: omxztmcm.fd 2000/01/03 Fontinst v1.801 font definitions for OMX/ztmcm.
)
LaTeX Font Info:    Font shape `OT1/ptm/bx/n' in size <12> not available
(Font)              Font shape `OT1/ptm/b/n' tried instead on input line 90.
LaTeX Font Info:    Font shape `OT1/ptm/bx/n' in size <9> not available
(Font)              Font shape `OT1/ptm/b/n' tried instead on input line 90.
LaTeX Font Info:    Font shape `OT1/ptm/bx/n' in size <7> not available
(Font)              Font shape `OT1/ptm/b/n' tried instead on input line 90.
LaTeX Font Info:    Font shape `OT1/ptm/bx/n' in size <14.4> not available
(Font)              Font shape `OT1/ptm/b/n' tried instead on input line 93.
LaTeX Font Info:    Font shape `OT1/ptm/bx/n' in size <10.95> not available
(Font)              Font shape `OT1/ptm/b/n' tried instead on input line 93.
LaTeX Font Info:    Font shape `OT1/ptm/bx/n' in size <8> not available
(Font)              Font shape `OT1/ptm/b/n' tried instead on input line 93.
 [1

{C:/Users/adowney2/AppData/Local/MiKTeX/2.9/pdftex/config/pdftex.map} <../Figur
es/1-DOF-spring_mass_horizontal_forced_FBD.png>] [2] [3]
<../Figures/1-DOF-spring_mass_horizontal_forced.png, id=23, 190.5519pt x 79.737
9pt>
File: ../Figures/1-DOF-spring_mass_horizontal_forced.png Graphic file (type png
)
<use ../Figures/1-DOF-spring_mass_horizontal_forced.png>
Package pdftex.def Info: ../Figures/1-DOF-spring_mass_horizontal_forced.png  us
ed on input line 199.
(pdftex.def)             Requested size: 223.45488pt x 93.50832pt.
<../Figures/free_and_forced_temporal_response.png, id=24, 397.485pt x 216.81pt>

File: ../Figures/free_and_forced_temporal_response.png Graphic file (type png)
<use ../Figures/free_and_forced_temporal_response.png>
Package pdftex.def Info: ../Figures/free_and_forced_temporal_response.png  used
 on input line 215.
(pdftex.def)             Requested size: 402.21606pt x 219.39651pt.
 [4 <../Figures/1-DOF-spring_mass_horizontal_forced.png>] [5 <../Figures/free_a
nd_forced_temporal_response.png>]
<../Figures/resonance.png, id=34, 433.62pt x 216.81pt>
File: ../Figures/resonance.png Graphic file (type png)
<use ../Figures/resonance.png>
Package pdftex.def Info: ../Figures/resonance.png  used on input line 242.
(pdftex.def)             Requested size: 433.61894pt x 216.80946pt.
File: ../Figures/1-DOF-spring_mass_horizontal_forced.png Graphic file (type png
)
<use ../Figures/1-DOF-spring_mass_horizontal_forced.png>
Package pdftex.def Info: ../Figures/1-DOF-spring_mass_horizontal_forced.png  us
ed on input line 251.
(pdftex.def)             Requested size: 223.45488pt x 93.50832pt.
<../Figures/homogeneous_and_particular_solutions.png, id=35, 433.62pt x 216.81p
t>
File: ../Figures/homogeneous_and_particular_solutions.png Graphic file (type pn
g)
<use ../Figures/homogeneous_and_particular_solutions.png>
Package pdftex.def Info: ../Figures/homogeneous_and_particular_solutions.png  u
sed on input line 279.
(pdftex.def)             Requested size: 433.61894pt x 216.80946pt.

[6 <../Figures/resonance.png>]
File: ../Figures/1-DOF-spring_mass_horizontal_forced.png Graphic file (type png
)
<use ../Figures/1-DOF-spring_mass_horizontal_forced.png>
Package pdftex.def Info: ../Figures/1-DOF-spring_mass_horizontal_forced.png  us
ed on input line 288.
(pdftex.def)             Requested size: 223.45488pt x 93.50832pt.
<../Figures/response_1-DOF-spring_mass_forced.png, id=40, 469.755pt x 216.81pt>

File: ../Figures/response_1-DOF-spring_mass_forced.png Graphic file (type png)
<use ../Figures/response_1-DOF-spring_mass_forced.png>
Package pdftex.def Info: ../Figures/response_1-DOF-spring_mass_forced.png  used
 on input line 337.
(pdftex.def)             Requested size: 446.90977pt x 206.26607pt.
 [7 <../Figures/homogeneous_and_particular_solutions.png>]
Package mdframed Info: Box was splittet wrong
 starting loop to iterate the splitting point
(mdframed)              on input line 339.
 [8]
<../Figures/1-DOF-spring_dashpot_mass_horizontal_forced_FBD.png, id=50, 374.840
4pt x 102.3825pt>
File: ../Figures/1-DOF-spring_dashpot_mass_horizontal_forced_FBD.png Graphic fi
le (type png)
<use ../Figures/1-DOF-spring_dashpot_mass_horizontal_forced_FBD.png>
Package pdftex.def Info: ../Figures/1-DOF-spring_dashpot_mass_horizontal_forced
_FBD.png  used on input line 348.
(pdftex.def)             Requested size: 374.83948pt x 102.38225pt.
 [9 <../Figures/response_1-DOF-spring_mass_forced.png>] [10 <../Figures/1-DOF-s
pring_dashpot_mass_horizontal_forced_FBD.png>] [11] [12]
File: ../Figures/1-DOF-spring_dashpot_mass_horizontal_forced_FBD.png Graphic fi
le (type png)
<use ../Figures/1-DOF-spring_dashpot_mass_horizontal_forced_FBD.png>
Package pdftex.def Info: ../Figures/1-DOF-spring_dashpot_mass_horizontal_forced
_FBD.png  used on input line 499.
(pdftex.def)             Requested size: 374.83948pt x 102.38225pt.
<../Figures/homogeneous_and_particular_solutions_in_resonance_a.png, id=65, 433
.62pt x 216.81pt>
File: ../Figures/homogeneous_and_particular_solutions_in_resonance_a.png Graphi
c file (type png)
<use ../Figures/homogeneous_and_particular_solutions_in_resonance_a.png>
Package pdftex.def Info: ../Figures/homogeneous_and_particular_solutions_in_res
onance_a.png  used on input line 509.
(pdftex.def)             Requested size: 433.61894pt x 216.80946pt.
<../Figures/homogeneous_and_particular_solutions_in_resonance_b.png, id=66, 433
.62pt x 216.81pt>
File: ../Figures/homogeneous_and_particular_solutions_in_resonance_b.png Graphi
c file (type png)
<use ../Figures/homogeneous_and_particular_solutions_in_resonance_b.png>
Package pdftex.def Info: ../Figures/homogeneous_and_particular_solutions_in_res
onance_b.png  used on input line 516.
(pdftex.def)             Requested size: 433.61894pt x 216.80946pt.
<../Figures/homogeneous_and_particular_solutions_in_resonance_c.png, id=67, 433
.62pt x 216.81pt>
File: ../Figures/homogeneous_and_particular_solutions_in_resonance_c.png Graphi
c file (type png)
<use ../Figures/homogeneous_and_particular_solutions_in_resonance_c.png>
Package pdftex.def Info: ../Figures/homogeneous_and_particular_solutions_in_res
onance_c.png  used on input line 523.
(pdftex.def)             Requested size: 433.61894pt x 216.80946pt.
Package mdframed Info: Box was splittet wrong
 starting loop to iterate the splitting point
(mdframed)              on input line 526.
 [13]
[14 <../Figures/homogeneous_and_particular_solutions_in_resonance_a.png>]
[15 <../Figures/homogeneous_and_particular_solutions_in_resonance_b.png>]
[16 <../Figures/homogeneous_and_particular_solutions_in_resonance_c.png>]
<../Figures/underdamped_frequency_response_amplitude.png, id=84, 469.755pt x 32
5.215pt>
File: ../Figures/underdamped_frequency_response_amplitude.png Graphic file (typ
e png)
<use ../Figures/underdamped_frequency_response_amplitude.png>
Package pdftex.def Info: ../Figures/underdamped_frequency_response_amplitude.pn
g  used on input line 576.
(pdftex.def)             Requested size: 469.75386pt x 325.2142pt.

[17]
<../Figures/underdamped_frequency_response_phase.png, id=88, 469.755pt x 325.21
5pt>
File: ../Figures/underdamped_frequency_response_phase.png Graphic file (type pn
g)
<use ../Figures/underdamped_frequency_response_phase.png>
Package pdftex.def Info: ../Figures/underdamped_frequency_response_phase.png  u
sed on input line 582.
(pdftex.def)             Requested size: 469.75386pt x 325.2142pt.
 [18 <../Figures/underdamped_frequency_response_amplitude.png>] [19 <../Figures
/underdamped_frequency_response_phase.png>]
<../Figures/1-DOF-spring_dashpot_mass_horizontal_forced.png, id=98, 190.5519pt 
x 79.7379pt>
File: ../Figures/1-DOF-spring_dashpot_mass_horizontal_forced.png Graphic file (
type png)
<use ../Figures/1-DOF-spring_dashpot_mass_horizontal_forced.png>
Package pdftex.def Info: ../Figures/1-DOF-spring_dashpot_mass_horizontal_forced
.png  used on input line 609.
(pdftex.def)             Requested size: 190.5514pt x 79.7377pt.
File: ../Figures/1-DOF-spring_dashpot_mass_horizontal_forced.png Graphic file (
type png)
<use ../Figures/1-DOF-spring_dashpot_mass_horizontal_forced.png>
Package pdftex.def Info: ../Figures/1-DOF-spring_dashpot_mass_horizontal_forced
.png  used on input line 632.
(pdftex.def)             Requested size: 190.5514pt x 79.7377pt.
 [20 <../Figures/1-DOF-spring_dashpot_mass_horizontal_forced.png>]
LaTeX Font Info:    Trying to load font information for TS1+ptm on input line 6
64.

("C:\Program Files\MiKTeX 2.9\tex/latex/psnfss\ts1ptm.fd"
File: ts1ptm.fd 2001/06/04 font definitions for TS1/ptm.
) [21]
<../Figures/1_DOF_spring_dashpot_mass_vertical_base_excited_FBD.png, id=106, 42
9.7656pt x 167.6664pt>
File: ../Figures/1_DOF_spring_dashpot_mass_vertical_base_excited_FBD.png Graphi
c file (type png)
<use ../Figures/1_DOF_spring_dashpot_mass_vertical_base_excited_FBD.png>
Package pdftex.def Info: ../Figures/1_DOF_spring_dashpot_mass_vertical_base_exc
ited_FBD.png  used on input line 673.
(pdftex.def)             Requested size: 429.76454pt x 167.66597pt.
 [22 <../Figures/1_DOF_spring_dashpot_mass_vertical_base_excited_FBD.png>] [23]
 [24]
<../Figures/base_excitation_displacement_transmissibility.png, id=118, 469.755p
t x 289.08pt>
File: ../Figures/base_excitation_displacement_transmissibility.png Graphic file
 (type png)
<use ../Figures/base_excitation_displacement_transmissibility.png>
Package pdftex.def Info: ../Figures/base_excitation_displacement_transmissibili
ty.png  used on input line 782.
(pdftex.def)             Requested size: 469.75386pt x 289.07928pt.
 [25 <../Figures/base_excitation_displacement_transmissibility.png>]
<../Figures/vehicle_on_road_example.png, id=124, 436.029pt x 205.0059pt>
File: ../Figures/vehicle_on_road_example.png Graphic file (type png)
<use ../Figures/vehicle_on_road_example.png>
Package pdftex.def Info: ../Figures/vehicle_on_road_example.png  used on input 
line 792.
(pdftex.def)             Requested size: 436.02792pt x 205.00539pt.
Package mdframed Info: Box was splittet wrong
 starting loop to iterate the splitting point
(mdframed)              on input line 829.
 [26 <../Figures/vehicle_on_road_example.png>] [27]
<../Figures/base_excitation_force_transmissibility.png, id=132, 469.755pt x 289
.08pt>
File: ../Figures/base_excitation_force_transmissibility.png Graphic file (type 
png)
<use ../Figures/base_excitation_force_transmissibility.png>
Package pdftex.def Info: ../Figures/base_excitation_force_transmissibility.png 
 used on input line 868.
(pdftex.def)             Requested size: 469.75386pt x 289.07928pt.
 [28 <../Figures/base_excitation_force_transmissibility.png>]
<../Figures/1_DOF_spring_dashpot_mass_vertical_base_excited.png, id=137, 114.90
93pt x 167.6664pt>
File: ../Figures/1_DOF_spring_dashpot_mass_vertical_base_excited.png Graphic fi
le (type png)
<use ../Figures/1_DOF_spring_dashpot_mass_vertical_base_excited.png>
Package pdftex.def Info: ../Figures/1_DOF_spring_dashpot_mass_vertical_base_exc
ited.png  used on input line 879.
(pdftex.def)             Requested size: 114.90901pt x 167.66597pt.
<../Figures/base_excitation_force_and_displacement_transmissibility_1.png, id=1
38, 433.62pt x 216.81pt>
File: ../Figures/base_excitation_force_and_displacement_transmissibility_1.png 
Graphic file (type png)
<use ../Figures/base_excitation_force_and_displacement_transmissibility_1.png>
Package pdftex.def Info: ../Figures/base_excitation_force_and_displacement_tran
smissibility_1.png  used on input line 886.
(pdftex.def)             Requested size: 433.61894pt x 216.80946pt.
<../Figures/base_excitation_force_and_displacement_transmissibility_2.png, id=1
39, 433.62pt x 216.81pt>
File: ../Figures/base_excitation_force_and_displacement_transmissibility_2.png 
Graphic file (type png)
<use ../Figures/base_excitation_force_and_displacement_transmissibility_2.png>
Package pdftex.def Info: ../Figures/base_excitation_force_and_displacement_tran
smissibility_2.png  used on input line 892.
(pdftex.def)             Requested size: 433.61894pt x 216.80946pt.
 [29 <../Figures/1_DOF_spring_dashpot_mass_vertical_base_excited.png>]
<../Figures/base_excited_structure.png, id=144, 150.8034pt x 110.5731pt>
File: ../Figures/base_excited_structure.png Graphic file (type png)
<use ../Figures/base_excited_structure.png>
Package pdftex.def Info: ../Figures/base_excited_structure.png  used on input l
ine 906.
(pdftex.def)             Requested size: 156.42114pt x 114.69633pt.
<../Figures/base_excited_structure_simple.png, id=145, 153.6942pt x 96.6009pt>
File: ../Figures/base_excited_structure_simple.png Graphic file (type png)
<use ../Figures/base_excited_structure_simple.png>
Package pdftex.def Info: ../Figures/base_excited_structure_simple.png  used on 
input line 914.
(pdftex.def)             Requested size: 156.42114pt x 98.31786pt.
 [30 <../Figures/base_excitation_force_and_displacement_transmissibility_1.png>
 <../Figures/base_excitation_force_and_displacement_transmissibility_2.png>]
Package mdframed Info: Not enough space on this page on input line 953.
Package mdframed Info: Box was splittet wrong
 starting loop to iterate the splitting point
(mdframed)              on input line 953.

[31 <../Figures/base_excited_structure.png> <../Figures/base_excited_structure_
simple.png>] [32] (Chapter_3_forced_vibration.aux) ) 
Here is how much of TeX's memory you used:
 16230 strings out of 479584
 322623 string characters out of 2871443
 605606 words of memory out of 3000000
 33022 multiletter control sequences out of 15000+200000
 446743 words of font info for 120 fonts, out of 3000000 for 9000
 1141 hyphenation exceptions out of 8191
 133i,18n,138p,638b,959s stack positions out of 5000i,500n,10000p,200000b,50000s
{C:/Program Files/MiKTeX 2.
9/fonts/enc/dvips/base/8r.enc}<C:/Program Files/MiKTeX 2.9/fonts/type1/public/a
msfonts/cm/cmex10.pfb><C:/Program Files/MiKTeX 2.9/fonts/type1/public/amsfonts/
cm/cmmi10.pfb><C:/Program Files/MiKTeX 2.9/fonts/type1/public/amsfonts/cm/cmr10
.pfb><C:/Program Files/MiKTeX 2.9/fonts/type1/public/amsfonts/cm/cmsy10.pfb><C:
/Users/adowney2/AppData/Roaming/MiKTeX/2.9/fonts/type1/urw/symbol/usyr.pfb><C:/
Users/adowney2/AppData/Roaming/MiKTeX/2.9/fonts/type1/urw/symbol/usyr.pfb><C:/P
rogram Files/MiKTeX 2.9/fonts/type1/urw/times/utmb8a.pfb><C:/Program Files/MiKT
eX 2.9/fonts/type1/urw/times/utmr8a.pfb><C:/Program Files/MiKTeX 2.9/fonts/type
1/urw/times/utmri8a.pfb>
Output written on Chapter_3_forced_vibration.pdf (32 pages, 2326369 bytes).
PDF statistics:
 190 PDF objects out of 1000 (max. 8388607)
 0 named destinations out of 1000 (max. 500000)
 123 words of extra memory for PDF output out of 10000 (max. 10000000)

